0 info it worked if it ends with ok
1 verbose cli [ 'C:\\Program Files\\nodejs\\node.exe',
1 verbose cli   'C:\\Program Files\\nodejs\\node_modules\\npm\\bin\\npm-cli.js',
1 verbose cli   'start' ]
2 info using npm@3.10.8
3 info using node@v6.9.1
4 verbose run-script [ 'prestart', 'start', 'poststart' ]
5 info lifecycle nodemongo2@0.0.0~prestart: nodemongo2@0.0.0
6 silly lifecycle nodemongo2@0.0.0~prestart: no script for prestart, continuing
7 info lifecycle nodemongo2@0.0.0~start: nodemongo2@0.0.0
8 verbose lifecycle nodemongo2@0.0.0~start: unsafe-perm in lifecycle true
9 verbose lifecycle nodemongo2@0.0.0~start: PATH: C:\Program Files\nodejs\node_modules\npm\bin\node-gyp-bin;C:\Users\numan.kizilirmak\Desktop\NodeProjects\NodeMongo2\node_modules\.bin;C:\Users\numan.kizilirmak\bin;C:\Program Files\Git\mingw64\bin;C:\Program Files\Git\usr\local\bin;C:\Program Files\Git\usr\bin;C:\Program Files\Git\usr\bin;C:\Program Files\Git\mingw64\bin;C:\Program Files\Git\usr\bin;C:\Users\numan.kizilirmak\bin;D:\app\client\numan.kizilirmak\product\12.1.0\client_4;D:\app\client\numan.kizilirmak\product\12.1.0\client_4\bin;D:\app\client\numan.kizilirmak\product\12.1.0\client_3;D:\app\client\numan.kizilirmak\product\12.1.0\client_3\bin;D:\app\client\numan.kizilirmak\product\12.1.0\client_2;D:\app\client\numan.kizilirmak\product\12.1.0\client_2\bin;D:\app\client\numan.kizilirmak\product\12.1.0\client_1;D:\app\client\numan.kizilirmak\product\12.1.0\client_1\bin;D:\app\numan.kizilirmak\product\11.2.0\client_1;D:\app\numan.kizilirmak\product\11.2.0\client_1\bin;C:\ProgramData\Oracle\Java\javapath;C:\Program Files\Java\jdk1.7.0_79\bin;C:\Program Files (x86)\Microsoft SQL Server\110\Tools\Binn;C:\Program Files\Microsoft SQL Server\110\Tools\Binn;C:\Program Files\Microsoft SQL Server\110\DTS\Binn;C:\Program Files (x86)\Microsoft SQL Server\90\Tools\binn;C:\Program Files\Microsoft\Web Platform Installer;C:\Windows\System32\WindowsPowerShell\v1.0;C:\Windows\System32\WindowsPowerShell\v1.0;C:\Program Files\Microsoft SQL Server\Client SDK\ODBC\110\Tools\Binn;C:\Program Files (x86)\Microsoft SQL Server\120\Tools\Binn\ManagementStudio;C:\Program Files (x86)\Microsoft SQL Server\120\Tools\Binn;C:\Program Files\Microsoft SQL Server\120\Tools\Binn;C:\Program Files (x86)\Microsoft SQL Server\120\DTS\Binn;C:\Program Files\Microsoft SQL Server\120\DTS\Binn;C:\Program Files (x86)\Skype\Phone;C:\Program Files\Git\cmd;C:\Program Files\Microsoft SQL Server\130\Tools\Binn;C:\Program Files\nodejs;C:\Users\numan.kizilirmak\.dnx\runtimes\dnx-clr-win-x86.1.0.0-rc1-update1\bin;C:\Users\numan.kizilirmak\.dnx\bin;C:\Users\numan.kizilirmak\AppData\Roaming\npm;C:\Program Files\Git\usr\bin\vendor_perl;C:\Program Files\Git\usr\bin\core_perl
10 verbose lifecycle nodemongo2@0.0.0~start: CWD: C:\Users\numan.kizilirmak\Desktop\NodeProjects\NodeMongo2
11 silly lifecycle nodemongo2@0.0.0~start: Args: [ '/d /s /c', 'node ./bin/www' ]
12 silly lifecycle nodemongo2@0.0.0~start: Returned: code: 3221225786  signal: null
13 info lifecycle nodemongo2@0.0.0~start: Failed to exec start script
14 verbose stack Error: nodemongo2@0.0.0 start: `node ./bin/www`
14 verbose stack Exit status 3221225786
14 verbose stack     at EventEmitter.<anonymous> (C:\Program Files\nodejs\node_modules\npm\lib\utils\lifecycle.js:255:16)
14 verbose stack     at emitTwo (events.js:106:13)
14 verbose stack     at EventEmitter.emit (events.js:191:7)
14 verbose stack     at ChildProcess.<anonymous> (C:\Program Files\nodejs\node_modules\npm\lib\utils\spawn.js:40:14)
14 verbose stack     at emitTwo (events.js:106:13)
14 verbose stack     at ChildProcess.emit (events.js:191:7)
14 verbose stack     at maybeClose (internal/child_process.js:877:16)
14 verbose stack     at Process.ChildProcess._handle.onexit (internal/child_process.js:226:5)
15 verbose pkgid nodemongo2@0.0.0
16 verbose cwd C:\Users\numan.kizilirmak\Desktop\NodeProjects\NodeMongo2
17 error Windows_NT 6.1.7601
18 error argv "C:\\Program Files\\nodejs\\node.exe" "C:\\Program Files\\nodejs\\node_modules\\npm\\bin\\npm-cli.js" "start"
19 error node v6.9.1
20 error npm  v3.10.8
21 error code ELIFECYCLE
22 error nodemongo2@0.0.0 start: `node ./bin/www`
22 error Exit status 3221225786
23 error Failed at the nodemongo2@0.0.0 start script 'node ./bin/www'.
23 error Make sure you have the latest version of node.js and npm installed.
23 error If you do, this is most likely a problem with the nodemongo2 package,
23 error not with npm itself.
23 error Tell the author that this fails on your system:
23 error     node ./bin/www
23 error You can get information on how to open an issue for this project with:
23 error     npm bugs nodemongo2
23 error Or if that isn't available, you can get their info via:
23 error     npm owner ls nodemongo2
23 error There is likely additional logging output above.
24 verbose exit [ 1, true ]
